Base path: C:/Program Files/Unity/Editor/Data
Pipe name: \\.\pipe\UnityShaderCompiler-64bit-1-2508
Cmd: getPlatforms
Cmd: preprocess
  insize=2701 outsize=1156 ok=1
Cmd: compileSnippet
  api=4 type=0 insize=1847 outsize=1583 kw= pd= ok=1
Cmd: compileSnippet
  api=4 type=1 insize=1847 outsize=1509 kw= pd= ok=1
Cmd: compileSnippet
  api=4 type=0 insize=541 outsize=3533 kw=SHADOWS_DEPTH pd= ok=1
Cmd: compileSnippet
  api=4 type=1 insize=541 outsize=453 kw=SHADOWS_DEPTH pd= ok=1
Cmd: compileSnippet
  api=4 type=0 insize=1228 outsize=1477 kw= pd= ok=1
Cmd: compileSnippet
  api=4 type=1 insize=1228 outsize=1087 kw= pd= ok=1
Cmd: compileSnippet
  api=4 type=0 insize=1232 outsize=1769 kw= pd= ok=1
Cmd: compileSnippet
  api=4 type=1 insize=1232 outsize=518 kw= pd= ok=1
Cmd: compileSnippet
  error: 2 plat 4 at (63): unrecognized identifier 'UNITY_INSTANCE_ID'\nCompiling Vertex program with DIRECTIONAL LIGHTMAP_OFF DYNAMICLIGHTMAP_OFF
  api=4 type=0 insize=7021 outsize=0 kw=DIRECTIONAL LIGHTMAP_OFF DYNAMICLIGHTMAP_OFF pd= ok=0
Cmd: compileSnippet
  error: 2 plat 4 at (63): unrecognized identifier 'UNITY_INSTANCE_ID'\nCompiling Fragment program with DIRECTIONAL LIGHTMAP_OFF DYNAMICLIGHTMAP_OFF
  api=4 type=1 insize=7021 outsize=0 kw=DIRECTIONAL LIGHTMAP_OFF DYNAMICLIGHTMAP_OFF pd= ok=0
Cmd: compileSnippet
  error: 2 plat 4 at (65): undeclared identifier 'UnityObjectToClipPos'\nCompiling Vertex program with DIRECTIONAL
  api=4 type=0 insize=4011 outsize=0 kw=DIRECTIONAL pd= ok=0
Cmd: compileSnippet
  error: 2 plat 4 at (65): undeclared identifier 'UnityObjectToClipPos'\nCompiling Fragment program with DIRECTIONAL
  api=4 type=1 insize=4011 outsize=0 kw=DIRECTIONAL pd= ok=0
Cmd: compileSnippet
  api=4 type=0 insize=751 outsize=3776 kw=SHADOWS_DEPTH _ALPHABLEND_ON pd= ok=1
Cmd: compileSnippet
  api=4 type=1 insize=751 outsize=1233 kw=SHADOWS_DEPTH _ALPHABLEND_ON pd= ok=1
Cmd: compileSnippet
  api=4 type=0 insize=982 outsize=3979 kw=DIRECTIONAL SHADOWS_OFF LIGHTMAP_OFF DIRLIGHTMAP_OFF DYNAMICLIGHTMAP_OFF _EMISSION _ALPHABLEND_ON pd= ok=1
Cmd: compileSnippet
  api=4 type=1 insize=982 outsize=10853 kw=DIRECTIONAL SHADOWS_OFF LIGHTMAP_OFF DIRLIGHTMAP_OFF DYNAMICLIGHTMAP_OFF _EMISSION _ALPHABLEND_ON pd= ok=1
Cmd: compileSnippet
  api=4 type=0 insize=938 outsize=4101 kw=DIRECTIONAL SHADOWS_OFF _ALPHABLEND_ON pd= ok=1
Cmd: compileSnippet
  api=4 type=1 insize=938 outsize=5539 kw=DIRECTIONAL SHADOWS_OFF _ALPHABLEND_ON pd= ok=1
Cmd: compileSnippet
  error: 2 plat 4 at (63): unrecognized identifier 'UNITY_INSTANCE_ID'\nCompiling Vertex program with DIRECTIONAL SHADOWS_SCREEN LIGHTMAP_OFF DYNAMICLIGHTMAP_OFF
  api=4 type=0 insize=7021 outsize=0 kw=DIRECTIONAL SHADOWS_SCREEN LIGHTMAP_OFF DYNAMICLIGHTMAP_OFF pd= ok=0
Cmd: compileSnippet
  error: 2 plat 4 at (63): unrecognized identifier 'UNITY_INSTANCE_ID'\nCompiling Fragment program with DIRECTIONAL SHADOWS_SCREEN LIGHTMAP_OFF DYNAMICLIGHTMAP_OFF
  api=4 type=1 insize=7021 outsize=0 kw=DIRECTIONAL SHADOWS_SCREEN LIGHTMAP_OFF DYNAMICLIGHTMAP_OFF pd= ok=0
Cmd: compileSnippet
  api=4 type=0 insize=982 outsize=5751 kw=DIRECTIONAL SHADOWS_SCREEN LIGHTMAP_OFF DIRLIGHTMAP_OFF DYNAMICLIGHTMAP_OFF _EMISSION VERTEXLIGHT_ON pd= ok=1
Cmd: compileSnippet
  error: 2 plat 4 at (63): unrecognized identifier 'UNITY_INSTANCE_ID'\nCompiling Vertex program with DIRECTIONAL SHADOWS_SCREEN LIGHTMAP_OFF DYNAMICLIGHTMAP_OFF
  api=4 type=0 insize=7021 outsize=0 kw=DIRECTIONAL SHADOWS_SCREEN LIGHTMAP_OFF DYNAMICLIGHTMAP_OFF pd= ok=0
Cmd: compileSnippet
  error: 2 plat 4 at (63): unrecognized identifier 'UNITY_INSTANCE_ID'\nCompiling Fragment program with DIRECTIONAL SHADOWS_SCREEN LIGHTMAP_OFF DYNAMICLIGHTMAP_OFF
  api=4 type=1 insize=7021 outsize=0 kw=DIRECTIONAL SHADOWS_SCREEN LIGHTMAP_OFF DYNAMICLIGHTMAP_OFF pd= ok=0
Cmd: compileSnippet
  api=4 type=0 insize=938 outsize=4792 kw=POINT SHADOWS_OFF pd= ok=1
Cmd: compileSnippet
  api=4 type=1 insize=938 outsize=5962 kw=POINT SHADOWS_OFF pd= ok=1
Cmd: compileSnippet
  error: 2 plat 4 at (65): undeclared identifier 'UnityObjectToClipPos'\nCompiling Vertex program with POINT
  api=4 type=0 insize=4011 outsize=0 kw=POINT pd= ok=0
Cmd: compileSnippet
  error: 2 plat 4 at (65): undeclared identifier 'UnityObjectToClipPos'\nCompiling Fragment program with POINT
  api=4 type=1 insize=4011 outsize=0 kw=POINT pd= ok=0
Cmd: compileSnippet
  api=4 type=0 insize=982 outsize=5751 kw=DIRECTIONAL SHADOWS_SCREEN LIGHTMAP_OFF DIRLIGHTMAP_OFF DYNAMICLIGHTMAP_OFF VERTEXLIGHT_ON pd= ok=1
